<APIProxy name="test-ec">
  <ConfigurationVersion majorVersion="4" minorVersion="0"/>
  <DisplayName>test-ec</DisplayName>
</APIProxy>
